  Test project C:/Users/peterlarson/unityBridgeWorkspace/unity-bridge-cve-client/FlatBuffers/flatc-projects
      Start 1: flattests
  Could not find executable C:/Users/peterlarson/unityBridgeWorkspace/unity-bridge-cve-client/FlatBuffers/flatc-projects/Debug/flattests.exe
  Looked in the following places:
  C:/Users/peterlarson/unityBridgeWorkspace/unity-bridge-cve-client/FlatBuffers/flatc-projects/Debug/flattests.exe
  C:/Users/peterlarson/unityBridgeWorkspace/unity-bridge-cve-client/FlatBuffers/flatc-projects/Debug/flattests.exe.exe
  C:/Users/peterlarson/unityBridgeWorkspace/unity-bridge-cve-client/FlatBuffers/flatc-projects/Debug/Debug/flattests.exe
  C:/Users/peterlarson/unityBridgeWorkspace/unity-bridge-cve-client/FlatBuffers/flatc-projects/Debug/Debug/flattests.exe.exe
  Debug/C:/Users/peterlarson/unityBridgeWorkspace/unity-bridge-cve-client/FlatBuffers/flatc-projects/Debug/flattests.exe
  Debug/C:/Users/peterlarson/unityBridgeWorkspace/unity-bridge-cve-client/FlatBuffers/flatc-projects/Debug/flattests.exe.exe
  Unable to find executable: C:/Users/peterlarson/unityBridgeWorkspace/unity-bridge-cve-client/FlatBuffers/flatc-projects/Debug/flattests.exe
  1/1 Test #1: flattests ........................***Not Run   0.00 sec
  
  0% tests passed, 1 tests failed out of 1
  
  Total Test time (real) =   0.02 sec
  
  The following tests FAILED:
  	  1 - flattests (Not Run)
  Errors while running CTest
C:\Program Files (x86)\MSBuild\Microsoft.Cpp\v4.0\V140\Microsoft.CppCommon.targets(133,5): error MSB3073: The command "setlocal
C:\Program Files (x86)\MSBuild\Microsoft.Cpp\v4.0\V140\Microsoft.CppCommon.targets(133,5): error MSB3073: "C:\Program Files (x86)\CMake\bin\ctest.exe" --force-new-ctest-process -C Debug
C:\Program Files (x86)\MSBuild\Microsoft.Cpp\v4.0\V140\Microsoft.CppCommon.targets(133,5): error MSB3073: if %errorlevel% neq 0 goto :cmEnd
C:\Program Files (x86)\MSBuild\Microsoft.Cpp\v4.0\V140\Microsoft.CppCommon.targets(133,5): error MSB3073: :cmEnd
C:\Program Files (x86)\MSBuild\Microsoft.Cpp\v4.0\V140\Microsoft.CppCommon.targets(133,5): error MSB3073: endlocal & call :cmErrorLevel %errorlevel% & goto :cmDone
C:\Program Files (x86)\MSBuild\Microsoft.Cpp\v4.0\V140\Microsoft.CppCommon.targets(133,5): error MSB3073: :cmErrorLevel
C:\Program Files (x86)\MSBuild\Microsoft.Cpp\v4.0\V140\Microsoft.CppCommon.targets(133,5): error MSB3073: exit /b %1
C:\Program Files (x86)\MSBuild\Microsoft.Cpp\v4.0\V140\Microsoft.CppCommon.targets(133,5): error MSB3073: :cmDone
C:\Program Files (x86)\MSBuild\Microsoft.Cpp\v4.0\V140\Microsoft.CppCommon.targets(133,5): error MSB3073: if %errorlevel% neq 0 goto :VCEnd
C:\Program Files (x86)\MSBuild\Microsoft.Cpp\v4.0\V140\Microsoft.CppCommon.targets(133,5): error MSB3073: :VCEnd" exited with code 8.
